# JRE version: Java(TM) SE Runtime Environment (8.0_60-b27) (build 1.8.0_60-b27)
# Java VM: Java HotSpot(TM) 64-Bit Server VM (25.60-b23 mixed mode bsd-amd64 compressed oops)
Heap:
 PSYoungGen      total 275456K, used 138169K [0x00000007aab00000, 0x00000007bbf80000, 0x00000007c0000000)
  eden space 268800K, 51% used [0x00000007aab00000,0x00000007b31ee400,0x00000007bb180000)
  from space 6656K, 0% used [0x00000007bb900000,0x00000007bb900000,0x00000007bbf80000)
  to   space 7168K, 0% used [0x00000007bb180000,0x00000007bb180000,0x00000007bb880000)
 ParOldGen       total 287232K, used 57532K [0x0000000780000000, 0x0000000791880000, 0x00000007aab00000)
  object space 287232K, 20% used [0x0000000780000000,0x000000078382f3b8,0x0000000791880000)
 Metaspace       used 113260K, capacity 122414K, committed 122772K, reserved 1155072K
  class space    used 13709K, capacity 16669K, committed 16788K, reserved 1048576K
GC Heap History (10 events):
Event: 3072.613 GC heap before
{Heap before GC invocations=102 (full 48):
 PSYoungGen      total 276480K, used 1040K [0x00000007aab00000, 0x00000007bc180000, 0x00000007c0000000)
  eden space 268800K, 0% used [0x00000007aab00000,0x00000007aab00000,0x00000007bb180000)
  from space 7680K, 13% used [0x00000007bba00000,0x00000007bbb04010,0x00000007bc180000)
  to   space 8192K, 0% used [0x00000007bb180000,0x00000007bb180000,0x00000007bb980000)
 ParOldGen       total 287232K, used 57912K [0x0000000780000000, 0x0000000791880000, 0x00000007aab00000)
  object space 287232K, 20% used [0x0000000780000000,0x000000078388e290,0x0000000791880000)
 Metaspace       used 112400K, capacity 121620K, committed 121876K, reserved 1155072K
  class space    used 13631K, capacity 16574K, committed 16660K, reserved 1048576K
Event: 3072.910 GC heap after
Heap after GC invocations=102 (full 48):
 PSYoungGen      total 276480K, used 0K [0x00000007aab00000, 0x00000007bc180000, 0x00000007c0000000)
  eden space 268800K, 0% used [0x00000007aab00000,0x00000007aab00000,0x00000007bb180000)
  from space 7680K, 0% used [0x00000007bba00000,0x00000007bba00000,0x00000007bc180000)
  to   space 8192K, 0% used [0x00000007bb180000,0x00000007bb180000,0x00000007bb980000)
 ParOldGen       total 287232K, used 57192K [0x0000000780000000, 0x0000000791880000, 0x00000007aab00000)
  object space 287232K, 19% used [0x0000000780000000,0x00000007837da3f0,0x0000000791880000)
 Metaspace       used 112387K, capacity 121596K, committed 121876K, reserved 1155072K
  class space    used 13628K, capacity 16570K, committed 16660K, reserved 1048576K
}
Event: 3132.965 GC heap before
{Heap before GC invocations=103 (full 48):
 PSYoungGen      total 276480K, used 33864K [0x00000007aab00000, 0x00000007bc180000, 0x00000007c0000000)
  eden space 268800K, 12% used [0x00000007aab00000,0x00000007acc12148,0x00000007bb180000)
  from space 7680K, 0% used [0x00000007bba00000,0x00000007bba00000,0x00000007bc180000)
  to   space 8192K, 0% used [0x00000007bb180000,0x00000007bb180000,0x00000007bb980000)
 ParOldGen       total 287232K, used 57192K [0x0000000780000000, 0x0000000791880000, 0x00000007aab00000)
  object space 287232K, 19% used [0x0000000780000000,0x00000007837da3f0,0x0000000791880000)
 Metaspace       used 112408K, capacity 121596K, committed 121876K, reserved 1155072K
  class space    used 13630K, capacity 16570K, committed 16660K, reserved 1048576K
Event: 3132.969 GC heap after
Heap after GC invocations=103 (full 48):
 PSYoungGen      total 269312K, used 288K [0x00000007aab00000, 0x00000007bc080000, 0x00000007c0000000)
  eden space 268800K, 0% used [0x00000007aab00000,0x00000007aab00000,0x00000007bb180000)
  from space 512K, 56% used [0x00000007bb180000,0x00000007bb1c8000,0x00000007bb200000)
  to   space 7680K, 0% used [0x00000007bb900000,0x00000007bb900000,0x00000007bc080000)
 ParOldGen       total 287232K, used 57192K [0x0000000780000000, 0x0000000791880000, 0x00000007aab00000)
  object space 287232K, 19% used [0x0000000780000000,0x00000007837da3f0,0x0000000791880000)
 Metaspace       used 112408K, capacity 121596K, committed 121876K, reserved 1155072K
  class space    used 13630K, capacity 16570K, committed 16660K, reserved 1048576K
}
Event: 3132.970 GC heap before
{Heap before GC invocations=104 (full 49):
 PSYoungGen      total 269312K, used 288K [0x00000007aab00000, 0x00000007bc080000, 0x00000007c0000000)
  eden space 268800K, 0% used [0x00000007aab00000,0x00000007aab00000,0x00000007bb180000)
  from space 512K, 56% used [0x00000007bb180000,0x00000007bb1c8000,0x00000007bb200000)
  to   space 7680K, 0% used [0x00000007bb900000,0x00000007bb900000,0x00000007bc080000)
 ParOldGen       total 287232K, used 57192K [0x0000000780000000, 0x0000000791880000, 0x00000007aab00000)
  object space 287232K, 19% used [0x0000000780000000,0x00000007837da3f0,0x0000000791880000)
 Metaspace       used 112408K, capacity 121596K, committed 121876K, reserved 1155072K
  class space    used 13630K, capacity 16570K, committed 16660K, reserved 1048576K
Event: 3133.245 GC heap after
Heap after GC invocations=104 (full 49):
 PSYoungGen      total 269312K, used 0K [0x00000007aab00000, 0x00000007bc080000, 0x00000007c0000000)
  eden space 268800K, 0% used [0x00000007aab00000,0x00000007aab00000,0x00000007bb180000)
  from space 512K, 0% used [0x00000007bb180000,0x00000007bb180000,0x00000007bb200000)
  to   space 7680K, 0% used [0x00000007bb900000,0x00000007bb900000,0x00000007bc080000)
 ParOldGen       total 287232K, used 57318K [0x0000000780000000, 0x0000000791880000, 0x00000007aab00000)
  object space 287232K, 19% used [0x0000000780000000,0x00000007837f9b70,0x0000000791880000)
 Metaspace       used 112408K, capacity 121596K, committed 121876K, reserved 1155072K
  class space    used 13630K, capacity 16570K, committed 16660K, reserved 1048576K
}
Event: 3192.967 GC heap before
{Heap before GC invocations=105 (full 49):
 PSYoungGen      total 269312K, used 66361K [0x00000007aab00000, 0x00000007bc080000, 0x00000007c0000000)
  eden space 268800K, 24% used [0x00000007aab00000,0x00000007aebce698,0x00000007bb180000)
  from space 512K, 0% used [0x00000007bb180000,0x00000007bb180000,0x00000007bb200000)
  to   space 7680K, 0% used [0x00000007bb900000,0x00000007bb900000,0x00000007bc080000)
 ParOldGen       total 287232K, used 57318K [0x0000000780000000, 0x0000000791880000, 0x00000007aab00000)
  object space 287232K, 19% used [0x0000000780000000,0x00000007837f9b70,0x0000000791880000)
 Metaspace       used 112492K, capacity 121666K, committed 121876K, reserved 1155072K
  class space    used 13631K, capacity 16571K, committed 16660K, reserved 1048576K
Event: 3192.973 GC heap after
Heap after GC invocations=105 (full 49):
 PSYoungGen      total 275456K, used 1328K [0x00000007aab00000, 0x00000007bbf80000, 0x00000007c0000000)
  eden space 268800K, 0% used [0x00000007aab00000,0x00000007aab00000,0x00000007bb180000)
  from space 6656K, 19% used [0x00000007bb900000,0x00000007bba4c010,0x00000007bbf80000)
  to   space 7168K, 0% used [0x00000007bb180000,0x00000007bb180000,0x00000007bb880000)
 ParOldGen       total 287232K, used 57318K [0x0000000780000000, 0x0000000791880000, 0x00000007aab00000)
  object space 287232K, 19% used [0x0000000780000000,0x00000007837f9b70,0x0000000791880000)
 Metaspace       used 112492K, capacity 121666K, committed 121876K, reserved 1155072K
  class space    used 13631K, capacity 16571K, committed 16660K, reserved 1048576K
}
Event: 3192.973 GC heap before
{Heap before GC invocations=106 (full 50):
 PSYoungGen      total 275456K, used 1328K [0x00000007aab00000, 0x00000007bbf80000, 0x00000007c0000000)
  eden space 268800K, 0% used [0x00000007aab00000,0x00000007aab00000,0x00000007bb180000)
  from space 6656K, 19% used [0x00000007bb900000,0x00000007bba4c010,0x00000007bbf80000)
  to   space 7168K, 0% used [0x00000007bb180000,0x00000007bb180000,0x00000007bb880000)
 ParOldGen       total 287232K, used 57318K [0x0000000780000000, 0x0000000791880000, 0x00000007aab00000)
  object space 287232K, 19% used [0x0000000780000000,0x00000007837f9b70,0x0000000791880000)
 Metaspace       used 112492K, capacity 121666K, committed 121876K, reserved 1155072K
  class space    used 13631K, capacity 16571K, committed 16660K, reserved 1048576K
Event: 3193.339 GC heap after
Heap after GC invocations=106 (full 50):
 PSYoungGen      total 275456K, used 0K [0x00000007aab00000, 0x00000007bbf80000, 0x00000007c0000000)
  eden space 268800K, 0% used [0x00000007aab00000,0x00000007aab00000,0x00000007bb180000)
  from space 6656K, 0% used [0x00000007bb900000,0x00000007bb900000,0x00000007bbf80000)
  to   space 7168K, 0% used [0x00000007bb180000,0x00000007bb180000,0x00000007bb880000)
 ParOldGen       total 287232K, used 57532K [0x0000000780000000, 0x0000000791880000, 0x00000007aab00000)
  object space 287232K, 20% used [0x0000000780000000,0x000000078382f3b8,0x0000000791880000)
 Metaspace       used 112492K, capacity 121666K, committed 121876K, reserved 1155072K
  class space    used 13631K, capacity 16571K, committed 16660K, reserved 1048576K
}

