# JRE version: Java(TM) SE Runtime Environment (8.0_60-b27) (build 1.8.0_60-b27)
# Java VM: Java HotSpot(TM) 64-Bit Server VM (25.60-b23 mixed mode bsd-amd64 compressed oops)
Heap:
 PSYoungGen      total 77824K, used 23829K [0x00000007aab00000, 0x00000007b1000000, 0x00000007c0000000)
  eden space 55296K, 28% used [0x00000007aab00000,0x00000007aba605d0,0x00000007ae100000)
  from space 22528K, 35% used [0x00000007afa00000,0x00000007b01e5200,0x00000007b1000000)
  to   space 24064K, 0% used [0x00000007ae100000,0x00000007ae100000,0x00000007af880000)
 ParOldGen       total 276480K, used 164325K [0x0000000780000000, 0x0000000790e00000, 0x00000007aab00000)
  object space 276480K, 59% used [0x0000000780000000,0x000000078a079578,0x0000000790e00000)
 Metaspace       used 115874K, capacity 125220K, committed 125272K, reserved 1159168K
  class space    used 13074K, capacity 15970K, committed 16000K, reserved 1048576K
GC Heap History (10 events):
Event: 216247.580 GC heap before
{Heap before GC invocations=2895 (full 1279):
 PSYoungGen      total 66560K, used 66407K [0x00000007aab00000, 0x00000007b1780000, 0x00000007c0000000)
  eden space 57856K, 100% used [0x00000007aab00000,0x00000007ae380000,0x00000007ae380000)
  from space 8704K, 98% used [0x00000007ae400000,0x00000007aec59da0,0x00000007aec80000)
  to   space 26624K, 0% used [0x00000007afd80000,0x00000007afd80000,0x00000007b1780000)
 ParOldGen       total 276480K, used 163781K [0x0000000780000000, 0x0000000790e00000, 0x00000007aab00000)
  object space 276480K, 59% used [0x0000000780000000,0x0000000789ff1578,0x0000000790e00000)
 Metaspace       used 115834K, capacity 125220K, committed 125272K, reserved 1159168K
  class space    used 13072K, capacity 15970K, committed 16000K, reserved 1048576K
Event: 216247.954 GC heap after
Heap after GC invocations=2895 (full 1279):
 PSYoungGen      total 82432K, used 8676K [0x00000007aab00000, 0x00000007b1600000, 0x00000007c0000000)
  eden space 57344K, 0% used [0x00000007aab00000,0x00000007aab00000,0x00000007ae300000)
  from space 25088K, 34% used [0x00000007afd80000,0x00000007b05f9210,0x00000007b1600000)
  to   space 26112K, 0% used [0x00000007ae300000,0x00000007ae300000,0x00000007afc80000)
 ParOldGen       total 276480K, used 164157K [0x0000000780000000, 0x0000000790e00000, 0x00000007aab00000)
  object space 276480K, 59% used [0x0000000780000000,0x000000078a04f578,0x0000000790e00000)
 Metaspace       used 115834K, capacity 125220K, committed 125272K, reserved 1159168K
  class space    used 13072K, capacity 15970K, committed 16000K, reserved 1048576K
}
Event: 219848.777 GC heap before
{Heap before GC invocations=2896 (full 1279):
 PSYoungGen      total 82432K, used 66020K [0x00000007aab00000, 0x00000007b1600000, 0x00000007c0000000)
  eden space 57344K, 100% used [0x00000007aab00000,0x00000007ae300000,0x00000007ae300000)
  from space 25088K, 34% used [0x00000007afd80000,0x00000007b05f9210,0x00000007b1600000)
  to   space 26112K, 0% used [0x00000007ae300000,0x00000007ae300000,0x00000007afc80000)
 ParOldGen       total 276480K, used 164157K [0x0000000780000000, 0x0000000790e00000, 0x00000007aab00000)
  object space 276480K, 59% used [0x0000000780000000,0x000000078a04f578,0x0000000790e00000)
 Metaspace       used 115838K, capacity 125220K, committed 125272K, reserved 1159168K
  class space    used 13072K, capacity 15970K, committed 16000K, reserved 1048576K
Event: 219849.139 GC heap after
Heap after GC invocations=2896 (full 1279):
 PSYoungGen      total 65536K, used 8628K [0x00000007aab00000, 0x00000007b1480000, 0x00000007c0000000)
  eden space 56832K, 0% used [0x00000007aab00000,0x00000007aab00000,0x00000007ae280000)
  from space 8704K, 99% used [0x00000007ae300000,0x00000007aeb6d200,0x00000007aeb80000)
  to   space 25600K, 0% used [0x00000007afb80000,0x00000007afb80000,0x00000007b1480000)
 ParOldGen       total 276480K, used 164285K [0x0000000780000000, 0x0000000790e00000, 0x00000007aab00000)
  object space 276480K, 59% used [0x0000000780000000,0x000000078a06f578,0x0000000790e00000)
 Metaspace       used 115838K, capacity 125220K, committed 125272K, reserved 1159168K
  class space    used 13072K, capacity 15970K, committed 16000K, reserved 1048576K
}
Event: 222371.971 GC heap before
{Heap before GC invocations=2897 (full 1279):
 PSYoungGen      total 65536K, used 65460K [0x00000007aab00000, 0x00000007b1480000, 0x00000007c0000000)
  eden space 56832K, 100% used [0x00000007aab00000,0x00000007ae280000,0x00000007ae280000)
  from space 8704K, 99% used [0x00000007ae300000,0x00000007aeb6d200,0x00000007aeb80000)
  to   space 25600K, 0% used [0x00000007afb80000,0x00000007afb80000,0x00000007b1480000)
 ParOldGen       total 276480K, used 164285K [0x0000000780000000, 0x0000000790e00000, 0x00000007aab00000)
  object space 276480K, 59% used [0x0000000780000000,0x000000078a06f578,0x0000000790e00000)
 Metaspace       used 115838K, capacity 125220K, committed 125272K, reserved 1159168K
  class space    used 13072K, capacity 15970K, committed 16000K, reserved 1048576K
Event: 222372.145 GC heap after
Heap after GC invocations=2897 (full 1279):
 PSYoungGen      total 80384K, used 7607K [0x00000007aab00000, 0x00000007b1300000, 0x00000007c0000000)
  eden space 56320K, 0% used [0x00000007aab00000,0x00000007aab00000,0x00000007ae200000)
  from space 24064K, 31% used [0x00000007afb80000,0x00000007b02edd70,0x00000007b1300000)
  to   space 25088K, 0% used [0x00000007ae200000,0x00000007ae200000,0x00000007afa80000)
 ParOldGen       total 276480K, used 164309K [0x0000000780000000, 0x0000000790e00000, 0x00000007aab00000)
  object space 276480K, 59% used [0x0000000780000000,0x000000078a075578,0x0000000790e00000)
 Metaspace       used 115838K, capacity 125220K, committed 125272K, reserved 1159168K
  class space    used 13072K, capacity 15970K, committed 16000K, reserved 1048576K
}
Event: 222429.616 GC heap before
{Heap before GC invocations=2898 (full 1279):
 PSYoungGen      total 80384K, used 63927K [0x00000007aab00000, 0x00000007b1300000, 0x00000007c0000000)
  eden space 56320K, 100% used [0x00000007aab00000,0x00000007ae200000,0x00000007ae200000)
  from space 24064K, 31% used [0x00000007afb80000,0x00000007b02edd70,0x00000007b1300000)
  to   space 25088K, 0% used [0x00000007ae200000,0x00000007ae200000,0x00000007afa80000)
 ParOldGen       total 276480K, used 164309K [0x0000000780000000, 0x0000000790e00000, 0x00000007aab00000)
  object space 276480K, 59% used [0x0000000780000000,0x000000078a075578,0x0000000790e00000)
 Metaspace       used 115861K, capacity 125220K, committed 125272K, reserved 1159168K
  class space    used 13072K, capacity 15970K, committed 16000K, reserved 1048576K
Event: 222429.714 GC heap after
Heap after GC invocations=2898 (full 1279):
 PSYoungGen      total 62976K, used 6852K [0x00000007aab00000, 0x00000007b1280000, 0x00000007c0000000)
  eden space 55808K, 0% used [0x00000007aab00000,0x00000007aab00000,0x00000007ae180000)
  from space 7168K, 95% used [0x00000007ae200000,0x00000007ae8b11f0,0x00000007ae900000)
  to   space 25088K, 0% used [0x00000007afa00000,0x00000007afa00000,0x00000007b1280000)
 ParOldGen       total 276480K, used 164309K [0x0000000780000000, 0x0000000790e00000, 0x00000007aab00000)
  object space 276480K, 59% used [0x0000000780000000,0x000000078a075578,0x0000000790e00000)
 Metaspace       used 115861K, capacity 125220K, committed 125272K, reserved 1159168K
  class space    used 13072K, capacity 15970K, committed 16000K, reserved 1048576K
}
Event: 224288.377 GC heap before
{Heap before GC invocations=2899 (full 1279):
 PSYoungGen      total 62976K, used 62660K [0x00000007aab00000, 0x00000007b1280000, 0x00000007c0000000)
  eden space 55808K, 100% used [0x00000007aab00000,0x00000007ae180000,0x00000007ae180000)
  from space 7168K, 95% used [0x00000007ae200000,0x00000007ae8b11f0,0x00000007ae900000)
  to   space 25088K, 0% used [0x00000007afa00000,0x00000007afa00000,0x00000007b1280000)
 ParOldGen       total 276480K, used 164309K [0x0000000780000000, 0x0000000790e00000, 0x00000007aab00000)
  object space 276480K, 59% used [0x0000000780000000,0x000000078a075578,0x0000000790e00000)
 Metaspace       used 115869K, capacity 125220K, committed 125272K, reserved 1159168K
  class space    used 13073K, capacity 15970K, committed 16000K, reserved 1048576K
Event: 224288.853 GC heap after
Heap after GC invocations=2899 (full 1279):
 PSYoungGen      total 77824K, used 8084K [0x00000007aab00000, 0x00000007b1000000, 0x00000007c0000000)
  eden space 55296K, 0% used [0x00000007aab00000,0x00000007aab00000,0x00000007ae100000)
  from space 22528K, 35% used [0x00000007afa00000,0x00000007b01e5200,0x00000007b1000000)
  to   space 24064K, 0% used [0x00000007ae100000,0x00000007ae100000,0x00000007af880000)
 ParOldGen       total 276480K, used 164325K [0x0000000780000000, 0x0000000790e00000, 0x00000007aab00000)
  object space 276480K, 59% used [0x0000000780000000,0x000000078a079578,0x0000000790e00000)
 Metaspace       used 115869K, capacity 125220K, committed 125272K, reserved 1159168K
  class space    used 13073K, capacity 15970K, committed 16000K, reserved 1048576K
}

